mode: set
github.com/skillitzimberg/swell/surfapi/datautil/datautil.go:11.37,14.16 2 1
github.com/skillitzimberg/swell/surfapi/datautil/datautil.go:17.2,20.16 3 1
github.com/skillitzimberg/swell/surfapi/datautil/datautil.go:24.2,24.21 1 1
github.com/skillitzimberg/swell/surfapi/datautil/datautil.go:14.16,16.3 1 0
github.com/skillitzimberg/swell/surfapi/datautil/datautil.go:20.16,22.3 1 0
github.com/skillitzimberg/swell/surfapi/datautil/datautil.go:27.52,34.26 6 1
github.com/skillitzimberg/swell/surfapi/datautil/datautil.go:40.2,40.17 1 1
github.com/skillitzimberg/swell/surfapi/datautil/datautil.go:34.26,38.3 3 1
github.com/skillitzimberg/swell/surfapi/datautil/datautil.go:43.58,45.44 2 1
github.com/skillitzimberg/swell/surfapi/datautil/datautil.go:50.2,50.20 1 1
github.com/skillitzimberg/swell/surfapi/datautil/datautil.go:45.44,46.31 1 1
github.com/skillitzimberg/swell/surfapi/datautil/datautil.go:46.31,48.4 1 1
github.com/skillitzimberg/swell/surfapi/datautil/datautil.go:53.52,56.37 2 0
github.com/skillitzimberg/swell/surfapi/datautil/datautil.go:97.2,97.24 1 0
github.com/skillitzimberg/swell/surfapi/datautil/datautil.go:56.37,58.40 2 0
github.com/skillitzimberg/swell/surfapi/datautil/datautil.go:61.3,95.54 17 0
github.com/skillitzimberg/swell/surfapi/datautil/datautil.go:58.41,59.4 0 0
github.com/skillitzimberg/swell/surfapi/datautil/datautil.go:100.53,102.2 1 1
github.com/skillitzimberg/swell/surfapi/datautil/datautil.go:104.53,107.16 3 1
github.com/skillitzimberg/swell/surfapi/datautil/datautil.go:110.2,110.24 1 1
github.com/skillitzimberg/swell/surfapi/datautil/datautil.go:107.16,109.3 1 0
github.com/skillitzimberg/swell/surfapi/datautil/datautil.go:113.53,116.16 3 1
github.com/skillitzimberg/swell/surfapi/datautil/datautil.go:119.2,119.24 1 1
github.com/skillitzimberg/swell/surfapi/datautil/datautil.go:116.16,118.3 1 0
github.com/skillitzimberg/swell/surfapi/datautil/datautil.go:122.55,123.23 1 1
github.com/skillitzimberg/swell/surfapi/datautil/datautil.go:123.23,125.3 1 1
github.com/skillitzimberg/swell/surfapi/datautil/datautil.go:125.8,125.30 1 1
github.com/skillitzimberg/swell/surfapi/datautil/datautil.go:125.30,127.3 1 1
github.com/skillitzimberg/swell/surfapi/datautil/datautil.go:127.8,127.30 1 1
github.com/skillitzimberg/swell/surfapi/datautil/datautil.go:127.30,129.3 1 1
github.com/skillitzimberg/swell/surfapi/datautil/datautil.go:129.8,131.3 1 1
github.com/skillitzimberg/swell/surfapi/datautil/datautil.go:134.54,137.2 2 1
github.com/skillitzimberg/swell/surfapi/datautil/datautil.go:139.58,140.26 1 1
github.com/skillitzimberg/swell/surfapi/datautil/datautil.go:140.26,142.3 1 1
github.com/skillitzimberg/swell/surfapi/datautil/datautil.go:142.8,142.59 1 1
github.com/skillitzimberg/swell/surfapi/datautil/datautil.go:142.59,144.3 1 1
github.com/skillitzimberg/swell/surfapi/datautil/datautil.go:144.8,144.33 1 1
github.com/skillitzimberg/swell/surfapi/datautil/datautil.go:144.33,146.3 1 1
github.com/skillitzimberg/swell/surfapi/datautil/datautil.go:146.8,148.3 1 1
github.com/skillitzimberg/swell/surfapi/datautil/datautil.go:151.55,156.20 4 1
github.com/skillitzimberg/swell/surfapi/datautil/datautil.go:156.20,158.3 1 0
github.com/skillitzimberg/swell/surfapi/datautil/datautil.go:158.8,158.27 1 1
github.com/skillitzimberg/swell/surfapi/datautil/datautil.go:158.27,160.3 1 1
github.com/skillitzimberg/swell/surfapi/datautil/datautil.go:160.8,160.27 1 0
github.com/skillitzimberg/swell/surfapi/datautil/datautil.go:160.27,162.3 1 0
github.com/skillitzimberg/swell/surfapi/datautil/datautil.go:162.8,162.27 1 0
github.com/skillitzimberg/swell/surfapi/datautil/datautil.go:162.27,164.3 1 0
github.com/skillitzimberg/swell/surfapi/datautil/datautil.go:164.8,166.3 1 0
github.com/skillitzimberg/swell/surfapi/datautil/datautil.go:169.58,177.2 7 1
