mode: set
/Users/scott/Desktop/swell-go/surfapi/datautil/datautil.go:41.45,46.2 4 1
/Users/scott/Desktop/swell-go/surfapi/datautil/datautil.go:48.48,51.38 3 1
/Users/scott/Desktop/swell-go/surfapi/datautil/datautil.go:56.2,56.20 1 1
/Users/scott/Desktop/swell-go/surfapi/datautil/datautil.go:51.38,52.25 1 1
/Users/scott/Desktop/swell-go/surfapi/datautil/datautil.go:52.25,54.4 1 1
/Users/scott/Desktop/swell-go/surfapi/datautil/datautil.go:59.61,63.27 3 1
/Users/scott/Desktop/swell-go/surfapi/datautil/datautil.go:68.2,68.39 1 1
/Users/scott/Desktop/swell-go/surfapi/datautil/datautil.go:139.2,139.22 1 1
/Users/scott/Desktop/swell-go/surfapi/datautil/datautil.go:63.27,66.3 2 1
/Users/scott/Desktop/swell-go/surfapi/datautil/datautil.go:68.39,70.17 2 1
/Users/scott/Desktop/swell-go/surfapi/datautil/datautil.go:73.3,74.17 2 1
/Users/scott/Desktop/swell-go/surfapi/datautil/datautil.go:77.3,78.17 2 1
/Users/scott/Desktop/swell-go/surfapi/datautil/datautil.go:81.3,82.17 2 1
/Users/scott/Desktop/swell-go/surfapi/datautil/datautil.go:85.3,86.17 2 1
/Users/scott/Desktop/swell-go/surfapi/datautil/datautil.go:89.3,90.17 2 1
/Users/scott/Desktop/swell-go/surfapi/datautil/datautil.go:93.3,94.17 2 1
/Users/scott/Desktop/swell-go/surfapi/datautil/datautil.go:97.3,98.17 2 1
/Users/scott/Desktop/swell-go/surfapi/datautil/datautil.go:101.3,102.17 2 1
/Users/scott/Desktop/swell-go/surfapi/datautil/datautil.go:105.3,106.17 2 1
/Users/scott/Desktop/swell-go/surfapi/datautil/datautil.go:109.3,113.17 5 1
/Users/scott/Desktop/swell-go/surfapi/datautil/datautil.go:116.3,117.17 2 1
/Users/scott/Desktop/swell-go/surfapi/datautil/datautil.go:121.3,137.4 1 1
/Users/scott/Desktop/swell-go/surfapi/datautil/datautil.go:70.17,72.4 1 0
/Users/scott/Desktop/swell-go/surfapi/datautil/datautil.go:74.17,76.4 1 0
/Users/scott/Desktop/swell-go/surfapi/datautil/datautil.go:78.17,80.4 1 0
/Users/scott/Desktop/swell-go/surfapi/datautil/datautil.go:82.17,84.4 1 0
/Users/scott/Desktop/swell-go/surfapi/datautil/datautil.go:86.17,88.4 1 0
/Users/scott/Desktop/swell-go/surfapi/datautil/datautil.go:90.17,92.4 1 0
/Users/scott/Desktop/swell-go/surfapi/datautil/datautil.go:94.17,96.4 1 0
/Users/scott/Desktop/swell-go/surfapi/datautil/datautil.go:98.17,100.4 1 0
/Users/scott/Desktop/swell-go/surfapi/datautil/datautil.go:102.17,104.4 1 0
/Users/scott/Desktop/swell-go/surfapi/datautil/datautil.go:106.17,108.4 1 0
/Users/scott/Desktop/swell-go/surfapi/datautil/datautil.go:113.17,115.4 1 0
/Users/scott/Desktop/swell-go/surfapi/datautil/datautil.go:117.17,119.4 1 0
/Users/scott/Desktop/swell-go/surfapi/datautil/datautil.go:142.55,143.23 1 1
/Users/scott/Desktop/swell-go/surfapi/datautil/datautil.go:143.23,145.3 1 1
/Users/scott/Desktop/swell-go/surfapi/datautil/datautil.go:145.8,145.30 1 1
/Users/scott/Desktop/swell-go/surfapi/datautil/datautil.go:145.30,147.3 1 1
/Users/scott/Desktop/swell-go/surfapi/datautil/datautil.go:147.8,147.30 1 1
/Users/scott/Desktop/swell-go/surfapi/datautil/datautil.go:147.30,149.3 1 1
/Users/scott/Desktop/swell-go/surfapi/datautil/datautil.go:149.8,151.3 1 1
/Users/scott/Desktop/swell-go/surfapi/datautil/datautil.go:154.58,155.26 1 1
/Users/scott/Desktop/swell-go/surfapi/datautil/datautil.go:155.26,157.3 1 1
/Users/scott/Desktop/swell-go/surfapi/datautil/datautil.go:157.8,157.59 1 1
/Users/scott/Desktop/swell-go/surfapi/datautil/datautil.go:157.59,159.3 1 1
/Users/scott/Desktop/swell-go/surfapi/datautil/datautil.go:159.8,159.33 1 1
/Users/scott/Desktop/swell-go/surfapi/datautil/datautil.go:159.33,161.3 1 1
/Users/scott/Desktop/swell-go/surfapi/datautil/datautil.go:161.8,163.3 1 1
/Users/scott/Desktop/swell-go/surfapi/datautil/datautil.go:166.65,169.20 2 1
/Users/scott/Desktop/swell-go/surfapi/datautil/datautil.go:169.20,171.3 1 1
/Users/scott/Desktop/swell-go/surfapi/datautil/datautil.go:171.8,171.27 1 1
/Users/scott/Desktop/swell-go/surfapi/datautil/datautil.go:171.27,173.3 1 1
/Users/scott/Desktop/swell-go/surfapi/datautil/datautil.go:173.8,173.27 1 1
/Users/scott/Desktop/swell-go/surfapi/datautil/datautil.go:173.27,175.3 1 1
/Users/scott/Desktop/swell-go/surfapi/datautil/datautil.go:175.8,175.27 1 1
/Users/scott/Desktop/swell-go/surfapi/datautil/datautil.go:175.27,177.3 1 1
/Users/scott/Desktop/swell-go/surfapi/datautil/datautil.go:177.8,179.3 1 1
/Users/scott/Desktop/swell-go/surfapi/datautil/datautil.go:182.53,189.2 6 1
